<?xml version="1.0" encoding="UTF-8"?>
<testsuite name="Academy Choucair" tests="1" skipped="0" failures="0" errors="0" timestamp="2021-03-15T01:02:14" hostname="LAPTOP-7498UEBG" time="20.478">
  <properties/>
  <testcase name="Search for a automation course" classname="Academy Choucair" time="20.478"/>
  <system-out><![CDATA[]]></system-out>
  <system-err><![CDATA[[Test worker] WARN net.thucydides.core.steps.BaseStepListener - stepStarted: net.thucydides.core.steps.ExecutedStepDescription@22c6eaa7
[Test worker] WARN net.thucydides.core.steps.BaseStepListener - stepStarted: net.thucydides.core.steps.ExecutedStepDescription@1075f119
[Test worker] WARN net.thucydides.core.steps.BaseStepListener - stepStarted: net.thucydides.core.steps.ExecutedStepDescription@5ed6c8c0
mar 14, 2021 8:02:14 PM org.openqa.selenium.remote.DesiredCapabilities chrome
INFORMACIÓN: Using `new ChromeOptions()` is preferred to `DesiredCapabilities.chrome()`
[Test worker] INFO net.serenitybdd.core.webdriver.driverproviders.ProvideNewDriver - Instantiating driver
[Test worker] INFO net.serenitybdd.core.webdriver.driverproviders.ProvideNewDriver - Driver capabilities: Capabilities {acceptInsecureCerts: false, browserName: chrome, chrome.switches: --start-maximized, goog:chromeOptions: {args: [--start-maximized], extensions: []}, loggingPrefs: org.openqa.selenium.logging..., platform: ANY, version: }
Starting ChromeDriver 89.0.4389.23 (61b08ee2c50024bab004e48d2b1b083cdbdac579-refs/branch-heads/4389@{#294}) on port 8278
Only local connections are allowed.
Please see https://chromedriver.chromium.org/security-considerations for suggestions on keeping ChromeDriver safe.
ChromeDriver was started successfully.
mar 14, 2021 8:02:17 PM org.openqa.selenium.remote.ProtocolHandshake createSession
INFORMACIÓN: Detected dialect: W3C
[Test worker] WARN net.thucydides.core.steps.BaseStepListener - stepFinished: current outcome:Search for a automation course:Example: {strUser=1075876713, strPassword=Choucair2021*, strCourse=Foundation Express} [Given than brandon wants to learns automation at the academy Choucair
| strUser | strPassword |
| 1075876713 | Choucair2021* | [Brandon open up [Brandon opens the Choucair academy page]]]
[Test worker] WARN net.thucydides.core.steps.BaseStepListener - stepFinished: current outcome:Search for a automation course:Example: {strUser=1075876713, strPassword=Choucair2021*, strCourse=Foundation Express} [Given than brandon wants to learns automation at the academy Choucair
| strUser | strPassword |
| 1075876713 | Choucair2021* | [Brandon open up [Brandon opens the Choucair academy page]]]
[Test worker] WARN net.thucydides.core.steps.BaseStepListener - stepStarted: net.thucydides.core.steps.ExecutedStepDescription@370f7490
[Test worker] WARN net.thucydides.core.steps.BaseStepListener - stepStarted: net.thucydides.core.steps.ExecutedStepDescription@2abb6f5e
[Test worker] WARN net.thucydides.core.steps.BaseStepListener - stepFinished: current outcome:Search for a automation course:Example: {strUser=1075876713, strPassword=Choucair2021*, strCourse=Foundation Express} [Given than brandon wants to learns automation at the academy Choucair
| strUser | strPassword |
| 1075876713 | Choucair2021* | [Brandon open up [Brandon opens the Choucair academy page], Brandon login [Brandon clicks on button that shows us the form to login]]]
[Test worker] WARN net.thucydides.core.steps.BaseStepListener - stepStarted: net.thucydides.core.steps.ExecutedStepDescription@66c672e2
[Test worker] WARN net.thucydides.core.steps.BaseStepListener - stepFinished: current outcome:Search for a automation course:Example: {strUser=1075876713, strPassword=Choucair2021*, strCourse=Foundation Express} [Given than brandon wants to learns automation at the academy Choucair
| strUser | strPassword |
| 1075876713 | Choucair2021* | [Brandon open up [Brandon opens the Choucair academy page], Brandon login [Brandon clicks on button that shows us the form to login, Brandon enters '1075876713' into where do we write the user]]]
[Test worker] WARN net.thucydides.core.steps.BaseStepListener - stepStarted: net.thucydides.core.steps.ExecutedStepDescription@3c7a9abc
[Test worker] WARN net.thucydides.core.steps.BaseStepListener - stepFinished: current outcome:Search for a automation course:Example: {strUser=1075876713, strPassword=Choucair2021*, strCourse=Foundation Express} [Given than brandon wants to learns automation at the academy Choucair
| strUser | strPassword |
| 1075876713 | Choucair2021* | [Brandon open up [Brandon opens the Choucair academy page], Brandon login [Brandon clicks on button that shows us the form to login, Brandon enters '1075876713' into where do we write the user, Brandon enters 'Choucair2021*' into where do we write the password]]]
[Test worker] WARN net.thucydides.core.steps.BaseStepListener - stepStarted: net.thucydides.core.steps.ExecutedStepDescription@196cdbdf
[Test worker] WARN net.thucydides.core.steps.BaseStepListener - stepFinished: current outcome:Search for a automation course:Example: {strUser=1075876713, strPassword=Choucair2021*, strCourse=Foundation Express} [Given than brandon wants to learns automation at the academy Choucair
| strUser | strPassword |
| 1075876713 | Choucair2021* | [Brandon open up [Brandon opens the Choucair academy page], Brandon login [Brandon clicks on button that shows us the form to login, Brandon enters '1075876713' into where do we write the user, Brandon enters 'Choucair2021*' into where do we write the password, Brandon clicks on button to confirm login]]]
[Test worker] WARN net.thucydides.core.steps.BaseStepListener - stepFinished: current outcome:Search for a automation course:Example: {strUser=1075876713, strPassword=Choucair2021*, strCourse=Foundation Express} [Given than brandon wants to learns automation at the academy Choucair
| strUser | strPassword |
| 1075876713 | Choucair2021* | [Brandon open up [Brandon opens the Choucair academy page], Brandon login [Brandon clicks on button that shows us the form to login, Brandon enters '1075876713' into where do we write the user, Brandon enters 'Choucair2021*' into where do we write the password, Brandon clicks on button to confirm login]]]
[Test worker] WARN net.thucydides.core.steps.BaseStepListener - stepFinished: current outcome:Search for a automation course:Example: {strUser=1075876713, strPassword=Choucair2021*, strCourse=Foundation Express} [Given than brandon wants to learns automation at the academy Choucair
| strUser | strPassword |
| 1075876713 | Choucair2021* | [Brandon open up [Brandon opens the Choucair academy page], Brandon login [Brandon clicks on button that shows us the form to login, Brandon enters '1075876713' into where do we write the user, Brandon enters 'Choucair2021*' into where do we write the password, Brandon clicks on button to confirm login]]]
[Test worker] WARN net.thucydides.core.steps.BaseStepListener - stepStarted: net.thucydides.core.steps.ExecutedStepDescription@3ef957a7
[Test worker] WARN net.thucydides.core.steps.BaseStepListener - stepStarted: net.thucydides.core.steps.ExecutedStepDescription@33b4af57
[Test worker] WARN net.thucydides.core.steps.BaseStepListener - stepStarted: net.thucydides.core.steps.ExecutedStepDescription@1977466a
[Test worker] WARN net.thucydides.core.steps.BaseStepListener - stepFinished: current outcome:Search for a automation course:Example: {strUser=1075876713, strPassword=Choucair2021*, strCourse=Foundation Express} [Given than brandon wants to learns automation at the academy Choucair
| strUser | strPassword |
| 1075876713 | Choucair2021* | [Brandon open up [Brandon opens the Choucair academy page], Brandon login [Brandon clicks on button that shows us the form to login, Brandon enters '1075876713' into where do we write the user, Brandon enters 'Choucair2021*' into where do we write the password, Brandon clicks on button to confirm login]], When he search for the course on the choucair academy platform
| strCourse |
| Foundation Express | [Brandon search [Brandon clicks on Selecciona cursos y certificaciones]]]
[Test worker] WARN net.thucydides.core.steps.BaseStepListener - stepStarted: net.thucydides.core.steps.ExecutedStepDescription@291ed1c
[Test worker] WARN net.thucydides.core.steps.BaseStepListener - stepFinished: current outcome:Search for a automation course:Example: {strUser=1075876713, strPassword=Choucair2021*, strCourse=Foundation Express} [Given than brandon wants to learns automation at the academy Choucair
| strUser | strPassword |
| 1075876713 | Choucair2021* | [Brandon open up [Brandon opens the Choucair academy page], Brandon login [Brandon clicks on button that shows us the form to login, Brandon enters '1075876713' into where do we write the user, Brandon enters 'Choucair2021*' into where do we write the password, Brandon clicks on button to confirm login]], When he search for the course on the choucair academy platform
| strCourse |
| Foundation Express | [Brandon search [Brandon clicks on Selecciona cursos y certificaciones, Brandon enters 'Foundation Express' into Buscar el curso]]]
[Test worker] WARN net.thucydides.core.steps.BaseStepListener - stepStarted: net.thucydides.core.steps.ExecutedStepDescription@5329b4a1
[Test worker] WARN net.thucydides.core.steps.BaseStepListener - stepFinished: current outcome:Search for a automation course:Example: {strUser=1075876713, strPassword=Choucair2021*, strCourse=Foundation Express} [Given than brandon wants to learns automation at the academy Choucair
| strUser | strPassword |
| 1075876713 | Choucair2021* | [Brandon open up [Brandon opens the Choucair academy page], Brandon login [Brandon clicks on button that shows us the form to login, Brandon enters '1075876713' into where do we write the user, Brandon enters 'Choucair2021*' into where do we write the password, Brandon clicks on button to confirm login]], When he search for the course on the choucair academy platform
| strCourse |
| Foundation Express | [Brandon search [Brandon clicks on Selecciona cursos y certificaciones, Brandon enters 'Foundation Express' into Buscar el curso, Brandon clicks on Da click para buscar el curso]]]
[Test worker] WARN net.thucydides.core.steps.BaseStepListener - stepStarted: net.thucydides.core.steps.ExecutedStepDescription@1da6d0be
[Test worker] WARN net.thucydides.core.steps.BaseStepListener - stepFinished: current outcome:Search for a automation course:Example: {strUser=1075876713, strPassword=Choucair2021*, strCourse=Foundation Express} [Given than brandon wants to learns automation at the academy Choucair
| strUser | strPassword |
| 1075876713 | Choucair2021* | [Brandon open up [Brandon opens the Choucair academy page], Brandon login [Brandon clicks on button that shows us the form to login, Brandon enters '1075876713' into where do we write the user, Brandon enters 'Choucair2021*' into where do we write the password, Brandon clicks on button to confirm login]], When he search for the course on the choucair academy platform
| strCourse |
| Foundation Express | [Brandon search [Brandon clicks on Selecciona cursos y certificaciones, Brandon enters 'Foundation Express' into Buscar el curso, Brandon clicks on Da click para buscar el curso, Brandon clicks on Da click para seleccionar el curso]]]
[Test worker] WARN net.thucydides.core.steps.BaseStepListener - stepFinished: current outcome:Search for a automation course:Example: {strUser=1075876713, strPassword=Choucair2021*, strCourse=Foundation Express} [Given than brandon wants to learns automation at the academy Choucair
| strUser | strPassword |
| 1075876713 | Choucair2021* | [Brandon open up [Brandon opens the Choucair academy page], Brandon login [Brandon clicks on button that shows us the form to login, Brandon enters '1075876713' into where do we write the user, Brandon enters 'Choucair2021*' into where do we write the password, Brandon clicks on button to confirm login]], When he search for the course on the choucair academy platform
| strCourse |
| Foundation Express | [Brandon search [Brandon clicks on Selecciona cursos y certificaciones, Brandon enters 'Foundation Express' into Buscar el curso, Brandon clicks on Da click para buscar el curso, Brandon clicks on Da click para seleccionar el curso]]]
[Test worker] WARN net.thucydides.core.steps.BaseStepListener - stepFinished: current outcome:Search for a automation course:Example: {strUser=1075876713, strPassword=Choucair2021*, strCourse=Foundation Express} [Given than brandon wants to learns automation at the academy Choucair
| strUser | strPassword |
| 1075876713 | Choucair2021* | [Brandon open up [Brandon opens the Choucair academy page], Brandon login [Brandon clicks on button that shows us the form to login, Brandon enters '1075876713' into where do we write the user, Brandon enters 'Choucair2021*' into where do we write the password, Brandon clicks on button to confirm login]], When he search for the course on the choucair academy platform
| strCourse |
| Foundation Express | [Brandon search [Brandon clicks on Selecciona cursos y certificaciones, Brandon enters 'Foundation Express' into Buscar el curso, Brandon clicks on Da click para buscar el curso, Brandon clicks on Da click para seleccionar el curso]]]
[Test worker] WARN net.thucydides.core.steps.BaseStepListener - stepStarted: net.thucydides.core.steps.ExecutedStepDescription@708f80a0
[Test worker] WARN net.thucydides.core.steps.BaseStepListener - stepStarted: net.thucydides.core.steps.ExecutedStepDescription@3e4ebf94
[Test worker] WARN net.thucydides.core.steps.BaseStepListener - stepFinished: current outcome:Search for a automation course:Example: {strUser=1075876713, strPassword=Choucair2021*, strCourse=Foundation Express} [Given than brandon wants to learns automation at the academy Choucair
| strUser | strPassword |
| 1075876713 | Choucair2021* | [Brandon open up [Brandon opens the Choucair academy page], Brandon login [Brandon clicks on button that shows us the form to login, Brandon enters '1075876713' into where do we write the user, Brandon enters 'Choucair2021*' into where do we write the password, Brandon clicks on button to confirm login]], When he search for the course on the choucair academy platform
| strCourse |
| Foundation Express | [Brandon search [Brandon clicks on Selecciona cursos y certificaciones, Brandon enters 'Foundation Express' into Buscar el curso, Brandon clicks on Da click para buscar el curso, Brandon clicks on Da click para seleccionar el curso]], Then he finds the course called
| strCourse |
| Foundation Express | [Then answer]]
[Test worker] WARN net.thucydides.core.steps.BaseStepListener - stepFinished: current outcome:Search for a automation course:Example: {strUser=1075876713, strPassword=Choucair2021*, strCourse=Foundation Express} [Given than brandon wants to learns automation at the academy Choucair
| strUser | strPassword |
| 1075876713 | Choucair2021* | [Brandon open up [Brandon opens the Choucair academy page], Brandon login [Brandon clicks on button that shows us the form to login, Brandon enters '1075876713' into where do we write the user, Brandon enters 'Choucair2021*' into where do we write the password, Brandon clicks on button to confirm login]], When he search for the course on the choucair academy platform
| strCourse |
| Foundation Express | [Brandon search [Brandon clicks on Selecciona cursos y certificaciones, Brandon enters 'Foundation Express' into Buscar el curso, Brandon clicks on Da click para buscar el curso, Brandon clicks on Da click para seleccionar el curso]], Then he finds the course called
| strCourse |
| Foundation Express | [Then answer]]
[Test worker] WARN net.thucydides.core.steps.BaseStepListener - stepFinished: current outcome:Search for a automation course:Example: {strUser=1075876713, strPassword=Choucair2021*, strCourse=Foundation Express} [Given than brandon wants to learns automation at the academy Choucair
| strUser | strPassword |
| 1075876713 | Choucair2021* | [Brandon open up [Brandon opens the Choucair academy page], Brandon login [Brandon clicks on button that shows us the form to login, Brandon enters '1075876713' into where do we write the user, Brandon enters 'Choucair2021*' into where do we write the password, Brandon clicks on button to confirm login]], When he search for the course on the choucair academy platform
| strCourse |
| Foundation Express | [Brandon search [Brandon clicks on Selecciona cursos y certificaciones, Brandon enters 'Foundation Express' into Buscar el curso, Brandon clicks on Da click para buscar el curso, Brandon clicks on Da click para seleccionar el curso]], Then he finds the course called
| strCourse |
| Foundation Express | [Then answer]]
[Test worker] WARN net.thucydides.core.steps.BaseStepListener - testFinished: Search for a automation course:Example: {strUser=1075876713, strPassword=Choucair2021*, strCourse=Foundation Express} [Given than brandon wants to learns automation at the academy Choucair
| strUser | strPassword |
| 1075876713 | Choucair2021* | [Brandon open up [Brandon opens the Choucair academy page], Brandon login [Brandon clicks on button that shows us the form to login, Brandon enters '1075876713' into where do we write the user, Brandon enters 'Choucair2021*' into where do we write the password, Brandon clicks on button to confirm login]], When he search for the course on the choucair academy platform
| strCourse |
| Foundation Express | [Brandon search [Brandon clicks on Selecciona cursos y certificaciones, Brandon enters 'Foundation Express' into Buscar el curso, Brandon clicks on Da click para buscar el curso, Brandon clicks on Da click para seleccionar el curso]], Then he finds the course called
| strCourse |
| Foundation Express | [Then answer]]
[Test worker] WARN net.thucydides.core.steps.BaseStepListener - TestOutcomes: [Search for a automation course:Example: {strUser=1075876713, strPassword=Choucair2021*, strCourse=Foundation Express} [Given than brandon wants to learns automation at the academy Choucair
| strUser | strPassword |
| 1075876713 | Choucair2021* | [Brandon open up [Brandon opens the Choucair academy page], Brandon login [Brandon clicks on button that shows us the form to login, Brandon enters '1075876713' into where do we write the user, Brandon enters 'Choucair2021*' into where do we write the password, Brandon clicks on button to confirm login]], When he search for the course on the choucair academy platform
| strCourse |
| Foundation Express | [Brandon search [Brandon clicks on Selecciona cursos y certificaciones, Brandon enters 'Foundation Express' into Buscar el curso, Brandon clicks on Da click para buscar el curso, Brandon clicks on Da click para seleccionar el curso]], Then he finds the course called
| strCourse |
| Foundation Express | [Then answer]]]
[Test worker] WARN net.thucydides.core.steps.BaseStepListener - Final testOutcomes: [Search for a automation course:Example: {strUser=1075876713, strPassword=Choucair2021*, strCourse=Foundation Express} [Given than brandon wants to learns automation at the academy Choucair
| strUser | strPassword |
| 1075876713 | Choucair2021* | [Brandon open up [Brandon opens the Choucair academy page], Brandon login [Brandon clicks on button that shows us the form to login, Brandon enters '1075876713' into where do we write the user, Brandon enters 'Choucair2021*' into where do we write the password, Brandon clicks on button to confirm login]], When he search for the course on the choucair academy platform
| strCourse |
| Foundation Express | [Brandon search [Brandon clicks on Selecciona cursos y certificaciones, Brandon enters 'Foundation Express' into Buscar el curso, Brandon clicks on Da click para buscar el curso, Brandon clicks on Da click para seleccionar el curso]], Then he finds the course called
| strCourse |
| Foundation Express | [Then answer]]]
[Test worker] INFO net.thucydides.core.steps.ConsoleLoggingListener - 
        __    _____ _____ ____ _____   ____   _    ____  ____  _____ ____  
  _     \ \  |_   _| ____/ ___|_   _| |  _ \ / \  / ___|/ ___|| ____|  _ \ 
 (_)_____| |   | | |  _| \___ \ | |   | |_) / _ \ \___ \\___ \|  _| | | | |
  _|_____| |   | | | |___ ___) || |   |  __/ ___ \ ___) |___) | |___| |_| |
 (_)     | |   |_| |_____|____/ |_|   |_| /_/   \_\____/|____/|_____|____/ 
        /_/                                                                

TEST PASSED: Search for a automation course
----------------------------------------------------------------------------
]]></system-err>
</testsuite>
